This is pdfTeX, Version 3.14159265-2.6-1.40.18 (MiKTeX 2.9.6300 64-bit) (preloaded format=pdflatex 2019.3.10)  20 MAY 2019 11:30
entering extended mode
**./vita_current.tex
(vita_current.tex
LaTeX2e <2017-04-15>
Babel <3.9r> and hyphenation patterns for 75 language(s) loaded.
(vita.cls
Document Class: vita 1996/10/09 class file ``vita'' to create Curriculum Vitae
("C:\Program Files\MiKTeX 2.9\tex\latex\base\article.cls"
Document Class: article 2014/09/29 v1.4h Standard LaTeX document class
("C:\Program Files\MiKTeX 2.9\tex\latex\base\size10.clo"
File: size10.clo 2014/09/29 v1.4h Standard LaTeX file (size option)
)
\c@part=\count79
\c@section=\count80
\c@subsection=\count81
\c@subsubsection=\count82
\c@paragraph=\count83
\c@subparagraph=\count84
\c@figure=\count85
\c@table=\count86
\abovecaptionskip=\skip41
\belowcaptionskip=\skip42
\bibindent=\dimen102
)
No auxiliary output files.

) (vitaComputerScience.clo
File: ComputerScience.clo 1995/02/07 vita class option file for Computer Scienc
e
)
(C:\Users\woodsj\AppData\Roaming\MiKTeX\2.9\tex\latex\hyper\hyper.sty
Package: hyper 1999/03/09 HyperLaTeX2e extension
\hyper@changed=\count87
\hyper@cnt=\count88
\hyper@box@text=\box26
\hyper@box@ref=\box27
\hyper@fixdim=\dimen103
\hypercount=\count89
\hyper@fnmark@count=\count90
\hyper@minipage@cnt=\count91

(C:\Users\woodsj\AppData\Roaming\MiKTeX\2.9\tex\latex\hyper\article.hyp))
(C:\Users\woodsj\AppData\Roaming\MiKTeX\2.9\tex\latex\preprint\fullpage.sty
Package: fullpage 1999/02/23 1.1 (PWD)
\FP@margin=\skip43
)
! Undefined control sequence.
l.30 \Fullpages
               
The control sequence at the end of the top line
of your error message was never \def'ed. If you have
misspelled it (e.g., `\hobx'), type `I' and the correct
spelling (e.g., `I\hbox'). Otherwise just continue,
and I'll forget about whatever was undefined.

No file vita_current.aux.
LaTeX Font Info:    Checking defaults for OML/cmm/m/it on input line 32.
LaTeX Font Info:    ... okay on input line 32.
LaTeX Font Info:    Checking defaults for T1/cmr/m/n on input line 32.
LaTeX Font Info:    ... okay on input line 32.
LaTeX Font Info:    Checking defaults for OT1/cmr/m/n on input line 32.
LaTeX Font Info:    ... okay on input line 32.
LaTeX Font Info:    Checking defaults for OMS/cmsy/m/n on input line 32.
LaTeX Font Info:    ... okay on input line 32.
LaTeX Font Info:    Checking defaults for OMX/cmex/m/n on input line 32.
LaTeX Font Info:    ... okay on input line 32.
LaTeX Font Info:    Checking defaults for U/cmr/m/n on input line 32.
LaTeX Font Info:    ... okay on input line 32.
\ifx\newhyper\@undefined
\gdef\newhyper#1#2{}
\gdef\hyperfnpage#1#2{}
\global\let\@hyper@newlabel\newlabel
\gdef\hyper@end@newlabel{\relax}
\gdef\hyper@newlabel#1#2#3#4#5{\ifx|#4|\hyper@end@newlabel\@hyper@newlabel{#1}{
{#2}{#3}}\else\@hyper@newlabel{#1}{{#4}{#5}}\fi}
\gdef\newlabel#1#2{\hyper@newlabel{#1}#2\hyper@end@newlabel\hyper@end@newlabel}

\gdef\@@hyperpage[#1]{#1}
\gdef\@hyperpage#1{#1}
\gdef\hyperpage{\@ifnextchar[\@@hyperpage\@hyperpage}
\global\let\fragilehyperreference\@gobble
\global\let\fragilehyperpagereference\@gobble
\global\let\fragilehyperanchor\@gobble
\global\let\fragileblindhyperanchor\@gobble
\global\let\fragilehyperURL\@gobble
\gdef\hyperbackcite#1#2#3#4{}
\global\let\hyper@setref\@setref
\gdef\hyper@thirdoffour#1#2#3{#2}
\gdef\hyper@forthoffour#1#2#3{#3}
\gdef\hyper@end@forthoffour{\relax}
\gdef\@setref#1{%
\ifx#1\relax%
\def\hyper@next{\hyper@setref{#1}}%
\else%
\edef\hyper@tmp{\expandafter\hyper@forthoffour#1\hyper@end@forthoffour}%
\ifx\hyper@tmp\hyper@end@forthoffour%
\def\hyper@next{\hyper@setref{#1}}%
\else%
\edef\hyper@tmp{{\expandafter\hyper@thirdoffour#1}{\expandafter\hyper@forthoffo
ur#1}}%
\def\hyper@next{\hyper@setref{\hyper@tmp}}%
\fi%
\fi%
\hyper@next%
} 
\begingroup
\catcode`\<=\catcode`\{
\catcode`\>=\catcode`\}
\catcode`\{=12\catcode`\}=12
\catcode`\%=12
\gdef\hyper@open<{>
\gdef\hyper@close<}>
\gdef\hyper@comment<%>
\endgroup
\bgroup
\global\edef\hyper@hash{\string#}
\egroup
\gdef\hyper@nl{^^J} 
\def\hyper@hash@four{\hyper@hash\hyper@hash\hyper@hash\hyper@hash} 
\global\long\def\hyper@protected@write#1{
\begingroup
\let\thepage\relax
\let\protect\@unexpandable@protect
\edef\reserved@a{\immediate\write\@auxout{#1}}
\reserved@a
\endgroup
\if@nobreak\ifvmode\nobreak\fi\fi
} 
\gdef\hyper@aux@write{
\hyper@protected@write{\hyper@comment@potential%
\string\ifx\string\newhyper\string\@undefined
}
\hyper@protected@write{\hyper@comment@potential%
\string\gdef\string\newhyper\hyper@hash1\hyper@hash2{}\hyper@nl
\string\gdef\string\hyperfnpage\hyper@hash1\hyper@hash2{}\hyper@nl
\string\global\string\let\string\@hyper@newlabel\string\newlabel\hyper@nl
\string\gdef\string\hyper@end@newlabel{\string\relax}\hyper@nl
\string\gdef\string\hyper@newlabel\hyper@hash1\hyper@hash2\hyper@hash3\hyper@ha
sh4\hyper@hash5{\hyper@comment@potential%
\string\ifx\string|\hyper@hash4\string|\string\hyper@end@newlabel\hyper@comment
@potential%
\string\@hyper@newlabel{\hyper@hash1}{{\hyper@hash2}{\hyper@hash3}}\hyper@comme
nt@potential%
\string\else\hyper@comment@potential%
\string\@hyper@newlabel{\hyper@hash1}{{\hyper@hash4}{\hyper@hash5}}\hyper@comme
nt@potential%
\string\fi\hyper@comment@potential%
}\hyper@nl
\string\gdef\string\newlabel\hyper@hash1\hyper@hash2{\string\hyper@newlabel{\hy
per@hash1}\hyper@hash2\string\hyper@end@newlabel\string\hyper@end@newlabel}\hyp
er@nl
\string\gdef\string\@@hyperpage[\hyper@hash1]{\hyper@hash1}\hyper@nl
\string\gdef\string\@hyperpage\hyper@hash1{\hyper@hash1}\hyper@nl
\string\gdef\string\hyperpage{\string\@ifnextchar[\string\@@hyperpage\string\@h
yperpage}\hyper@nl
\string\global\string\let\string\fragilehyperreference\string\@gobble\hyper@nl
\string\global\string\let\string\fragilehyperpagereference\string\@gobble\hyper
@nl
\string\global\string\let\string\fragilehyperanchor\string\@gobble\hyper@nl
\string\global\string\let\string\fragileblindhyperanchor\string\@gobble\hyper@n
l
\string\global\string\let\string\fragilehyperURL\string\@gobble\hyper@nl
\string\gdef\string\hyperbackcite\hyper@hash1\hyper@hash2\hyper@hash3\hyper@has
h4{}\hyper@nl
\string\global\string\let\string\hyper@setref\string\@setref\hyper@nl
\string\gdef\string\hyper@thirdoffour\hyper@hash1\hyper@hash2\hyper@hash3{\hype
r@hash2}\hyper@nl
\string\gdef\string\hyper@forthoffour\hyper@hash1\hyper@hash2\hyper@hash3{\hype
r@hash3}\hyper@nl
\string\gdef\string\hyper@end@forthoffour{\string\relax}\hyper@nl
\string\gdef\string\@setref\hyper@hash1{\hyper@comment@real\hyper@nl
\string\ifx\hyper@hash1\string\relax\hyper@comment@real\hyper@nl
\string\def\string\hyper@next{\string\hyper@setref{\hyper@hash1}}\hyper@comment
@real\hyper@nl
\string\else\hyper@comment@real\hyper@nl
\string\edef\string\hyper@tmp{\string\expandafter\string\hyper@forthoffour\hype
r@hash1\string\hyper@end@forthoffour}\hyper@comment@real\hyper@nl
\string\ifx\string\hyper@tmp\string\hyper@end@forthoffour\hyper@comment@real\hy
per@nl
\string\def\string\hyper@next{\string\hyper@setref{\hyper@hash1}}\hyper@comment
@real\hyper@nl
\string\else\hyper@comment@real\hyper@nl
\string\edef\string\hyper@tmp{{\string\expandafter\string\hyper@thirdoffour\hyp
er@hash1}{\string\expandafter\string\hyper@forthoffour\hyper@hash1}}\hyper@comm
ent@real\hyper@nl
\string\def\string\hyper@next{\string\hyper@setref{\string\hyper@tmp}}\hyper@co
mment@real\hyper@nl
\string\fi\hyper@comment@real\hyper@nl
\string\fi\hyper@comment@real\hyper@nl
\string\hyper@next\hyper@comment@real\hyper@nl
} 
}
\hyper@protected@write{\hyper@comment@potential%
\string\begingroup\hyper@nl
\string\catcode\string`\string\<\string=\string\catcode\string`\string\{\hyper@
nl
\string\catcode\string`\string\>\string=\string\catcode\string`\string\}\hyper@
nl
\string\catcode\string`\string\{\string=12\string\catcode\string`\string\}\stri
ng=12\hyper@nl
\string\catcode\string`\string\%\string=12\hyper@nl
\string\gdef\string\hyper@open<{>\hyper@nl
\string\gdef\string\hyper@close<}>\hyper@nl
\string\gdef\string\hyper@comment<\hyper@comment@real>\hyper@nl
\string\endgroup
}
\hyper@protected@write{\hyper@comment@potential%
\string\bgroup\hyper@nl
\string\global\string\edef\string\hyper@hash{\string\string\hyper@hash}\hyper@n
l
\string\egroup
}
\hyper@protected@write{\hyper@comment@potential%
\string\gdef\string\hyper@nl{\string^\string^J} 
}
\hyper@protected@write{\hyper@comment@potential%
\string\def\string\hyper@hash@four{\string\hyper@hash\string\hyper@hash\string\
hyper@hash\string\hyper@hash} 
}
\hyper@protected@write{\hyper@comment@potential%
\string\global\string\long\string\def\string\hyper@protected@write\hyper@hash1{
\hyper@nl
\string\begingroup\hyper@nl
\string\let\string\thepage\string\relax\hyper@nl
\string\let\string\protect\string\@unexpandable@protect\hyper@nl
\string\edef\string\reserved@a{\string\immediate\string\write\string\@auxout{\h
yper@hash1}}\hyper@nl
\string\reserved@a\hyper@nl
\string\endgroup\hyper@nl
\string\if@nobreak\string\ifvmode\string\nobreak\string\fi\string\fi\hyper@nl
} 
}
\hyper@protected@write{\hyper@comment@potential%
\string\gdef\string\hyper@aux@write\hyper@open
}
\hyper@second@write{\hyper@comment@potential%
\string\hyper@write\hyper@open\hyper@nl
\string\begingroup\hyper@nl
\string\let\string\@hyper@protected@write\string\hyper@protected@write\hyper@nl

\string\def\string\hyper@protected@write@do\hyper@hash\hyper@hash1\hyper@hash\h
yper@hash2{\hyper@nl
\string\begingroup\hyper@nl
\string\let\string\hyper@string\string\string\hyper@nl
\string\def\string\string{\string\hyper@string\string\string\string\hyper@strin
g}\hyper@nl
\string\def\string\hyper@open{\string\hyper@string\string\hyper@open}\hyper@nl
\string\def\string\hyper@close{\string\hyper@string\string\hyper@close}\hyper@n
l
\string\def\string\hyper@nl{\string\hyper@string\string\hyper@nl\string^\string
^J}\hyper@nl
\string\def\string\hyper@comment@real{\string\hyper@string\string\hyper@comment
@real}\hyper@nl
\string\def\string\hyper@comment@potential{\string\hyper@string\string\hyper@co
mment@potential\string\hyper@comment\string^\string^J}\hyper@nl
\string\def\string\hyper@hash{\string\hyper@string\string\hyper@hash}\hyper@nl
\string\@hyper@protected@write{\string\hyper@string\hyper@hash\hyper@hash1{\hyp
er@hash\hyper@hash2\string^\string^J}}\hyper@nl
\string\endgroup\hyper@nl
}\hyper@nl
\string\def\string\hyper@protected@write{\string\hyper@protected@write@do\strin
g\hyper@protected@write}\hyper@nl
\string\def\string\hyper@second@write\hyper@hash\hyper@hash1{\hyper@nl
\string\hyper@protected@write@do\string\hyper@second@write{\hyper@hash\hyper@ha
sh1}\hyper@nl
\string\@hyper@protected@write{\hyper@hash\hyper@hash1}\hyper@nl
}\hyper@nl
\string\def\string\hyper@write{\string\@gobble}\hyper@nl
\string\hyper@aux@write\hyper@nl
\string\endgroup\hyper@nl
\hyper@close
}
\hyper@write{
\begingroup
\let\@hyper@protected@write\hyper@protected@write
\def\hyper@protected@write@do##1##2{
\begingroup
\let\hyper@string\string
\def\string{\hyper@string\string\hyper@string}
\def\hyper@open{\hyper@string\hyper@open}
\def\hyper@close{\hyper@string\hyper@close}
\def\hyper@nl{\hyper@string\hyper@nl^^J}
\def\hyper@comment@real{\hyper@string\hyper@comment@real}
\def\hyper@comment@potential{\hyper@string\hyper@comment@potential\hyper@commen
t^^J}
\def\hyper@hash{\hyper@string\hyper@hash}
\@hyper@protected@write{\hyper@string##1{##2^^J}}
\endgroup
}
\def\hyper@protected@write{\hyper@protected@write@do\hyper@protected@write}
\def\hyper@second@write##1{
\hyper@protected@write@do\hyper@second@write{##1}
\@hyper@protected@write{##1}
}
\def\hyper@write{\@gobble}
\hyper@aux@write
\endgroup
}
\hyper@protected@write{\hyper@comment@potential%
\hyper@close
}
\hyper@protected@write{\hyper@comment@potential%
\string\AtBeginDocument{\hyper@comment@real\hyper@nl
\string\let\string\hyper@write\string\relax\hyper@comment@real\hyper@nl
\string\let\string\hyper@second@write\string\@gobble\hyper@comment@real\hyper@n
l
\string\let\string\hyper@comment@potential\string\@empty\hyper@comment@real\hyp
er@nl
\string\let\string\hyper@comment@real\string\hyper@comment\hyper@comment@real\h
yper@nl
\string\hyper@aux@write\hyper@comment@real\hyper@nl
} 
}
\hyper@protected@write{\hyper@comment@potential%
\string\fi
}
}
\AtBeginDocument{%
\let\hyper@write\relax%
\let\hyper@second@write\@gobble%
\let\hyper@comment@potential\@empty%
\let\hyper@comment@real\hyper@comment%
\hyper@aux@write%
} 
\fi
LaTeX Font Info:    External font `cmex10' loaded for size
(Font)              <12> on input line 50.
LaTeX Font Info:    External font `cmex10' loaded for size
(Font)              <8> on input line 50.
LaTeX Font Info:    External font `cmex10' loaded for size
(Font)              <6> on input line 50.
LaTeX Font Info:    External font `cmex10' loaded for size
(Font)              <7> on input line 50.
LaTeX Font Info:    External font `cmex10' loaded for size
(Font)              <5> on input line 50.
[1
Non-PDF special ignored!


Non-PDF special ignored!

{C:/Users/woodsj/AppData/Local/MiKTeX/2.9/pdftex/config/pdftex.map}] [2
Non-PDF special ignored!


Non-PDF special ignored!]
Overfull \hbox (2.94266pt too wide) in paragraph at lines 189--191
[]\OT1/cmr/m/n/10 ``Fiddling with Ther-mostats'', \OT1/cmr/m/it/10 2006 ACEEE S
um-mer Study on En-ergy Ef-fi-ciency in Build-ings\OT1/cmr/m/n/10 , ACEEE,
 []

! Misplaced alignment tab character &.
l.213 ...Energy and Behavior Analysis Project". R&
                                                  D Report. Publication \# C...
I can't figure out why you would want to use a tab mark
here. If you just want an ampersand, the remedy is
simple: Just type `I\&' now. But if some right brace
up above has ended a previous alignment prematurely,
you're probably due for more error messages, and you
might try typing `S' now just to see what is salvageable.

[3
Non-PDF special ignored!


Non-PDF special ignored!] [4
Non-PDF special ignored!


Non-PDF special ignored!]
Missing character: There is no â in font cmr10!
Missing character: There is no € in font cmr10!
Missing character: There is no ™ in font cmr10!
 [5
Non-PDF special ignored!


Non-PDF special ignored!] [6
Non-PDF special ignored!


Non-PDF special ignored!] [7
Non-PDF special ignored!


Non-PDF special ignored!] [8
Non-PDF special ignored!


Non-PDF special ignored!]
Overfull \hbox (7.9126pt too wide) in paragraph at lines 633--636
[]\OT1/cmr/m/n/10 Multnomah County, School and Com-mu-nity Part-ner-ships, Cit-
i-zen Bud-get Ad-vi-sory Com-mit-tee (Merged
 []

[9
Non-PDF special ignored!


Non-PDF special ignored!] ) 
Here is how much of TeX's memory you used:
 640 strings out of 493328
 9026 string characters out of 3139121
 78989 words of memory out of 3000000
 4233 multiletter control sequences out of 15000+200000
 7936 words of font info for 28 fonts, out of 3000000 for 9000
 1141 hyphenation exceptions out of 8191
 29i,13n,19p,328b,306s stack positions out of 5000i,500n,10000p,200000b,50000s
<C:/Program Files/MiKTeX 2.9/fonts/type1/public/amsf
onts/cm/cmbx9.pfb><C:/Program Files/MiKTeX 2.9/fonts/type1/public/amsfonts/cm/c
mr10.pfb><C:/Program Files/MiKTeX 2.9/fonts/type1/public/amsfonts/cm/cmr12.pfb>
<C:/Program Files/MiKTeX 2.9/fonts/type1/public/amsfonts/cm/cmr17.pfb><C:/Progr
am Files/MiKTeX 2.9/fonts/type1/public/amsfonts/cm/cmr9.pfb><C:/Program Files/M
iKTeX 2.9/fonts/type1/public/amsfonts/cm/cmti10.pfb>
Output written on vita_current.pdf (9 pages, 117411 bytes).
PDF statistics:
 56 PDF objects out of 1000 (max. 8388607)
 0 named destinations out of 1000 (max. 500000)
 1 words of extra memory for PDF output out of 10000 (max. 10000000)

